  [1m[35m (2.5ms)[0m  [1m[34mSELECT sqlite_version(*)[0m
  â†³ (erb):38:in `migration_template'
  [1m[35m (1.5ms)[0m  [1m[34mSELECT sqlite_version(*)[0m
  [1m[35m (1.2ms)[0m  [1m[35mCREATE TABLE "schema_migrations" ("version" varchar NOT NULL PRIMARY KEY)[0m
  [1m[35m (1.1ms)[0m  [1m[35mCREATE TABLE "ar_internal_metadata" ("key" varchar NOT NULL PRIMARY KEY, "value" varchar, "created_at" datetime(6) NOT NULL, "updated_at" datetime(6) NOT NULL)[0m
  [1m[35m (0.2ms)[0m  [1m[34mSELECT "schema_migrations"."version" FROM "schema_migrations" ORDER BY "schema_migrations"."version" ASC[0m
Migrating to DeviseTokenAuthCreateUsers (20220312170538)
  [1m[36mTRANSACTION (0.1ms)[0m  [1m[36mbegin transaction[0m
  [1m[35m (0.5ms)[0m  [1m[35mCREATE TABLE "users" ("id" integer PRIMARY KEY AUTOINCREMENT NOT NULL, "provider" varchar DEFAULT 'email' NOT NULL, "uid" varchar DEFAULT '' NOT NULL, "encrypted_password" varchar DEFAULT '' NOT NULL, "name" varchar, "email" varchar, "tokens" text, "created_at" datetime(6) NOT NULL, "updated_at" datetime(6) NOT NULL)[0m
  [1m[35m (0.3ms)[0m  [1m[35mCREATE UNIQUE INDEX "index_users_on_email" ON "users" ("email")[0m
  [1m[35m (0.5ms)[0m  [1m[35mCREATE UNIQUE INDEX "index_users_on_uid_and_provider" ON "users" ("uid", "provider")[0m
  [1m[36mActiveRecord::SchemaMigration Create (0.2ms)[0m  [1m[32mINSERT INTO "schema_migrations" ("version") VALUES (?)[0m  [["version", "20220312170538"]]
  [1m[36mTRANSACTION (0.9ms)[0m  [1m[36mcommit transaction[0m
  [1m[36mActiveRecord::InternalMetadata Load (0.2ms)[0m  [1m[34mSELECT "ar_internal_metadata".* FROM "ar_internal_metadata" WHERE "ar_internal_metadata"."key" = ? LIMIT ?[0m  [["key", "environment"], ["LIMIT", 1]]
  [1m[36mTRANSACTION (0.0ms)[0m  [1m[36mbegin transaction[0m
  [1m[36mActiveRecord::InternalMetadata Create (0.3ms)[0m  [1m[32mINSERT INTO "ar_internal_metadata" ("key", "value", "created_at", "updated_at") VALUES (?, ?, ?, ?)[0m  [["key", "environment"], ["value", "development"], ["created_at", "2022-03-12 17:07:54.525785"], ["updated_at", "2022-03-12 17:07:54.525785"]]
  [1m[36mTRANSACTION (0.6ms)[0m  [1m[36mcommit transaction[0m
  [1m[35m (0.0ms)[0m  [1m[34mSELECT sqlite_version(*)[0m
  [1m[35m (0.1ms)[0m  [1m[34mSELECT "schema_migrations"."version" FROM "schema_migrations" ORDER BY "schema_migrations"."version" ASC[0m
Started GET "/" for ::1 at 2022-03-13 03:00:28 +0900
  [1m[35m (1.3ms)[0m  [1m[34mSELECT sqlite_version(*)[0m
  [1m[35m (0.4ms)[0m  [1m[34mSELECT "schema_migrations"."version" FROM "schema_migrations" ORDER BY "schema_migrations"."version" ASC[0m
Processing by Rails::WelcomeController#index as HTML
  Rendering vendor/bundle/ruby/2.7.0/gems/railties-6.1.5/lib/rails/templates/rails/welcome/index.html.erb
  Rendered vendor/bundle/ruby/2.7.0/gems/railties-6.1.5/lib/rails/templates/rails/welcome/index.html.erb (Duration: 14.6ms | Allocations: 398)
Completed 200 OK in 31ms (Views: 21.1ms | ActiveRecord: 0.0ms | Allocations: 3423)


Started GET "/favicon.ico" for ::1 at 2022-03-13 03:00:29 +0900
  
ActionController::RoutingError (No route matches [GET] "/favicon.ico"):
  
Started POST "/" for ::1 at 2022-03-13 03:00:51 +0900
  
ActionController::RoutingError (No route matches [POST] "/"):
  
Started POST "/auth" for ::1 at 2022-03-13 03:02:48 +0900
  
AbstractController::ActionNotFound (The action 'create' could not be found for Auth::RegistrationsController
Did you mean?  render_authenticate_error
               resource_class
               provider
               get_case_insensitive_field_from_resource_params):
  
actionpack (6.1.5) lib/abstract_controller/base.rb:160:in `process'
actionpack (6.1.5) lib/action_controller/metal.rb:190:in `dispatch'
actionpack (6.1.5) lib/action_controller/metal.rb:254:in `dispatch'
actionpack (6.1.5) lib/action_dispatch/routing/route_set.rb:50:in `dispatch'
actionpack (6.1.5) lib/action_dispatch/routing/route_set.rb:33:in `serve'
actionpack (6.1.5) lib/action_dispatch/routing/mapper.rb:19:in `block in <class:Constraints>'
actionpack (6.1.5) lib/action_dispatch/routing/mapper.rb:49:in `serve'
actionpack (6.1.5) lib/action_dispatch/journey/router.rb:50:in `block in serve'
actionpack (6.1.5) lib/action_dispatch/journey/router.rb:32:in `each'
actionpack (6.1.5) lib/action_dispatch/journey/router.rb:32:in `serve'
actionpack (6.1.5) lib/action_dispatch/routing/route_set.rb:842:in `call'
warden (1.2.9) lib/warden/manager.rb:36:in `block in call'
warden (1.2.9) lib/warden/manager.rb:34:in `catch'
warden (1.2.9) lib/warden/manager.rb:34:in `call'
rack (2.2.3) lib/rack/etag.rb:27:in `call'
rack (2.2.3) lib/rack/conditional_get.rb:40:in `call'
rack (2.2.3) lib/rack/head.rb:12:in `call'
activerecord (6.1.5) lib/active_record/migration.rb:601:in `call'
actionpack (6.1.5) lib/action_dispatch/middleware/callbacks.rb:27:in `block in call'
activesupport (6.1.5) lib/active_support/callbacks.rb:98:in `run_callbacks'
actionpack (6.1.5) lib/action_dispatch/middleware/callbacks.rb:26:in `call'
actionpack (6.1.5) lib/action_dispatch/middleware/executor.rb:14:in `call'
actionpack (6.1.5) lib/action_dispatch/middleware/actionable_exceptions.rb:18:in `call'
actionpack (6.1.5) lib/action_dispatch/middleware/debug_exceptions.rb:29:in `call'
actionpack (6.1.5) lib/action_dispatch/middleware/show_exceptions.rb:33:in `call'
railties (6.1.5) lib/rails/rack/logger.rb:37:in `call_app'
railties (6.1.5) lib/rails/rack/logger.rb:26:in `block in call'
activesupport (6.1.5) lib/active_support/tagged_logging.rb:99:in `block in tagged'
activesupport (6.1.5) lib/active_support/tagged_logging.rb:37:in `tagged'
activesupport (6.1.5) lib/active_support/tagged_logging.rb:99:in `tagged'
railties (6.1.5) lib/rails/rack/logger.rb:26:in `call'
actionpack (6.1.5) lib/action_dispatch/middleware/remote_ip.rb:81:in `call'
actionpack (6.1.5) lib/action_dispatch/middleware/request_id.rb:26:in `call'
rack (2.2.3) lib/rack/runtime.rb:22:in `call'
activesupport (6.1.5) lib/active_support/cache/strategy/local_cache_middleware.rb:29:in `call'
actionpack (6.1.5) lib/action_dispatch/middleware/executor.rb:14:in `call'
actionpack (6.1.5) lib/action_dispatch/middleware/static.rb:24:in `call'
rack (2.2.3) lib/rack/sendfile.rb:110:in `call'
actionpack (6.1.5) lib/action_dispatch/middleware/host_authorization.rb:148:in `call'
rack-cors (1.1.1) lib/rack/cors.rb:100:in `call'
railties (6.1.5) lib/rails/engine.rb:539:in `call'
puma (5.6.2) lib/puma/configuration.rb:252:in `call'
puma (5.6.2) lib/puma/request.rb:77:in `block in handle_request'
puma (5.6.2) lib/puma/thread_pool.rb:340:in `with_force_shutdown'
puma (5.6.2) lib/puma/request.rb:76:in `handle_request'
puma (5.6.2) lib/puma/server.rb:441:in `process_client'
puma (5.6.2) lib/puma/thread_pool.rb:147:in `block in spawn_thread'
Started GET "/auth" for ::1 at 2022-03-13 03:02:56 +0900
  
ActionController::RoutingError (No route matches [GET] "/auth"):
  
Started POST "/auth" for ::1 at 2022-03-13 03:07:48 +0900
  
AbstractController::ActionNotFound (The action 'create' could not be found for Auth::RegistrationsController
Did you mean?  render_authenticate_error
               resource_class
               provider
               get_case_insensitive_field_from_resource_params):
  
actionpack (6.1.5) lib/abstract_controller/base.rb:160:in `process'
actionpack (6.1.5) lib/action_controller/metal.rb:190:in `dispatch'
actionpack (6.1.5) lib/action_controller/metal.rb:254:in `dispatch'
actionpack (6.1.5) lib/action_dispatch/routing/route_set.rb:50:in `dispatch'
actionpack (6.1.5) lib/action_dispatch/routing/route_set.rb:33:in `serve'
actionpack (6.1.5) lib/action_dispatch/routing/mapper.rb:19:in `block in <class:Constraints>'
actionpack (6.1.5) lib/action_dispatch/routing/mapper.rb:49:in `serve'
actionpack (6.1.5) lib/action_dispatch/journey/router.rb:50:in `block in serve'
actionpack (6.1.5) lib/action_dispatch/journey/router.rb:32:in `each'
actionpack (6.1.5) lib/action_dispatch/journey/router.rb:32:in `serve'
actionpack (6.1.5) lib/action_dispatch/routing/route_set.rb:842:in `call'
warden (1.2.9) lib/warden/manager.rb:36:in `block in call'
warden (1.2.9) lib/warden/manager.rb:34:in `catch'
warden (1.2.9) lib/warden/manager.rb:34:in `call'
rack (2.2.3) lib/rack/etag.rb:27:in `call'
rack (2.2.3) lib/rack/conditional_get.rb:40:in `call'
rack (2.2.3) lib/rack/head.rb:12:in `call'
activerecord (6.1.5) lib/active_record/migration.rb:601:in `call'
actionpack (6.1.5) lib/action_dispatch/middleware/callbacks.rb:27:in `block in call'
activesupport (6.1.5) lib/active_support/callbacks.rb:98:in `run_callbacks'
actionpack (6.1.5) lib/action_dispatch/middleware/callbacks.rb:26:in `call'
actionpack (6.1.5) lib/action_dispatch/middleware/executor.rb:14:in `call'
actionpack (6.1.5) lib/action_dispatch/middleware/actionable_exceptions.rb:18:in `call'
actionpack (6.1.5) lib/action_dispatch/middleware/debug_exceptions.rb:29:in `call'
actionpack (6.1.5) lib/action_dispatch/middleware/show_exceptions.rb:33:in `call'
railties (6.1.5) lib/rails/rack/logger.rb:37:in `call_app'
railties (6.1.5) lib/rails/rack/logger.rb:26:in `block in call'
activesupport (6.1.5) lib/active_support/tagged_logging.rb:99:in `block in tagged'
activesupport (6.1.5) lib/active_support/tagged_logging.rb:37:in `tagged'
activesupport (6.1.5) lib/active_support/tagged_logging.rb:99:in `tagged'
railties (6.1.5) lib/rails/rack/logger.rb:26:in `call'
actionpack (6.1.5) lib/action_dispatch/middleware/remote_ip.rb:81:in `call'
actionpack (6.1.5) lib/action_dispatch/middleware/request_id.rb:26:in `call'
rack (2.2.3) lib/rack/runtime.rb:22:in `call'
activesupport (6.1.5) lib/active_support/cache/strategy/local_cache_middleware.rb:29:in `call'
actionpack (6.1.5) lib/action_dispatch/middleware/executor.rb:14:in `call'
actionpack (6.1.5) lib/action_dispatch/middleware/static.rb:24:in `call'
rack (2.2.3) lib/rack/sendfile.rb:110:in `call'
actionpack (6.1.5) lib/action_dispatch/middleware/host_authorization.rb:148:in `call'
rack-cors (1.1.1) lib/rack/cors.rb:100:in `call'
railties (6.1.5) lib/rails/engine.rb:539:in `call'
puma (5.6.2) lib/puma/configuration.rb:252:in `call'
puma (5.6.2) lib/puma/request.rb:77:in `block in handle_request'
puma (5.6.2) lib/puma/thread_pool.rb:340:in `with_force_shutdown'
puma (5.6.2) lib/puma/request.rb:76:in `handle_request'
puma (5.6.2) lib/puma/server.rb:441:in `process_client'
puma (5.6.2) lib/puma/thread_pool.rb:147:in `block in spawn_thread'
  [1m[35m (1.3ms)[0m  [1m[34mSELECT sqlite_version(*)[0m
  [1m[35m (0.5ms)[0m  [1m[34mSELECT "schema_migrations"."version" FROM "schema_migrations" ORDER BY "schema_migrations"."version" ASC[0m
  [1m[36mActiveRecord::InternalMetadata Load (0.7ms)[0m  [1m[34mSELECT "ar_internal_metadata".* FROM "ar_internal_metadata" WHERE "ar_internal_metadata"."key" = ? LIMIT ?[0m  [["key", "environment"], ["LIMIT", 1]]
  [1m[35m (0.0ms)[0m  [1m[34mSELECT sqlite_version(*)[0m
  [1m[35m (0.1ms)[0m  [1m[34mSELECT "schema_migrations"."version" FROM "schema_migrations" ORDER BY "schema_migrations"."version" ASC[0m
Started GET "/auth" for ::1 at 2022-03-13 03:12:38 +0900
  [1m[35m (1.4ms)[0m  [1m[34mSELECT sqlite_version(*)[0m
  [1m[35m (0.5ms)[0m  [1m[34mSELECT "schema_migrations"."version" FROM "schema_migrations" ORDER BY "schema_migrations"."version" ASC[0m
  
ActionController::RoutingError (No route matches [GET] "/auth"):
  
Started GET "/auth" for ::1 at 2022-03-13 03:12:41 +0900
  
ActionController::RoutingError (No route matches [GET] "/auth"):
  
Started GET "/auth" for ::1 at 2022-03-13 03:14:32 +0900
  [1m[35m (0.8ms)[0m  [1m[34mSELECT sqlite_version(*)[0m
  [1m[35m (0.6ms)[0m  [1m[34mSELECT "schema_migrations"."version" FROM "schema_migrations" ORDER BY "schema_migrations"."version" ASC[0m
  
ActionController::RoutingError (No route matches [GET] "/auth"):
  
Started POST "/auth" for ::1 at 2022-03-13 03:14:45 +0900
Processing by Auth::RegistrationsController#create as */*
  Parameters: {"name"=>"miura", "email"=>"miura@gmail.com", "password"=>"[FILTERED]", "password_confirmation"=>"[FILTERED]"}
  [1m[36mTRANSACTION (0.1ms)[0m  [1m[36mbegin transaction[0m
  [1m[36mUser Exists? (0.5ms)[0m  [1m[34mSELECT 1 AS one FROM "users" WHERE LOWER("users"."email") = LOWER(?) AND "users"."provider" = ? LIMIT ?[0m  [["email", "miura@gmail.com"], ["provider", "email"], ["LIMIT", 1]]
  [1m[36mTRANSACTION (0.0ms)[0m  [1m[31mrollback transaction[0m
Completed 422 Unprocessable Entity in 551ms (Views: 0.3ms | ActiveRecord: 1.1ms | Allocations: 24390)


Started POST "/auth" for ::1 at 2022-03-13 03:16:01 +0900
Processing by Auth::RegistrationsController#create as */*
  Parameters: {"name"=>"miura", "email"=>"miura@gmail.com", "password"=>"[FILTERED]", "password_confirmation"=>"[FILTERED]"}
  [1m[36mTRANSACTION (0.1ms)[0m  [1m[36mbegin transaction[0m
  [1m[36mUser Exists? (0.2ms)[0m  [1m[34mSELECT 1 AS one FROM "users" WHERE LOWER("users"."email") = LOWER(?) AND "users"."provider" = ? LIMIT ?[0m  [["email", "miura@gmail.com"], ["provider", "email"], ["LIMIT", 1]]
  [1m[36mTRANSACTION (0.0ms)[0m  [1m[31mrollback transaction[0m
Completed 422 Unprocessable Entity in 249ms (Views: 0.4ms | ActiveRecord: 0.3ms | Allocations: 3888)


Started POST "/auth" for ::1 at 2022-03-13 03:16:34 +0900
Processing by Auth::RegistrationsController#create as */*
  Parameters: {"name"=>"miura", "email"=>"miura@gmail.com", "password"=>"[FILTERED]", "password_confirmation"=>"[FILTERED]"}
  [1m[36mTRANSACTION (0.1ms)[0m  [1m[36mbegin transaction[0m
  [1m[36mUser Exists? (0.2ms)[0m  [1m[34mSELECT 1 AS one FROM "users" WHERE LOWER("users"."email") = LOWER(?) AND "users"."provider" = ? LIMIT ?[0m  [["email", "miura@gmail.com"], ["provider", "email"], ["LIMIT", 1]]
  [1m[36mUser Create (4.1ms)[0m  [1m[32mINSERT INTO "users" ("uid", "encrypted_password", "name", "email", "created_at", "updated_at") VALUES (?, ?, ?, ?, ?, ?)[0m  [["uid", "miura@gmail.com"], ["encrypted_password", "$2a$12$91Vbd10cgO58zr1LIXxiDej.AXVL2zW1siIG8qrX3Lp98zZa.HOAq"], ["name", "miura"], ["email", "miura@gmail.com"], ["created_at", "2022-03-12 18:16:34.628354"], ["updated_at", "2022-03-12 18:16:34.628354"]]
  [1m[36mTRANSACTION (1.1ms)[0m  [1m[36mcommit transaction[0m
  [1m[36mTRANSACTION (0.1ms)[0m  [1m[36mbegin transaction[0m
  [1m[36mUser Update (0.8ms)[0m  [1m[33mUPDATE "users" SET "tokens" = ?, "updated_at" = ? WHERE "users"."id" = ?[0m  [["tokens", "{\"G5jUfTRuwMhBOA9jubvREQ\":{\"token\":\"$2a$10$9wUvVW38iRTg5J0OYFbXk.Hr6ednB506hcxG.GifatcOSXlOqKyd2\",\"expiry\":1648318594}}"], ["updated_at", "2022-03-12 18:16:34.701156"], ["id", 1]]
  [1m[36mTRANSACTION (1.4ms)[0m  [1m[36mcommit transaction[0m
  [1m[36mUser Load (0.5ms)[0m  [1m[34mSELECT "users".* FROM "users" WHERE "users"."id" = ? LIMIT ?[0m  [["id", 1], ["LIMIT", 1]]
Completed 200 OK in 348ms (Views: 1.8ms | ActiveRecord: 8.1ms | Allocations: 7626)


Started DELETE "/auth/sign_out" for ::1 at 2022-03-13 03:18:04 +0900
Processing by DeviseTokenAuth::SessionsController#destroy as */*
Completed 404 Not Found in 4ms (Views: 0.2ms | ActiveRecord: 0.0ms | Allocations: 841)


Started DELETE "/auth/sign_out" for ::1 at 2022-03-13 03:19:59 +0900
Processing by DeviseTokenAuth::SessionsController#destroy as */*
  [1m[36mUser Load (0.3ms)[0m  [1m[34mSELECT "users".* FROM "users" WHERE "users"."uid" = ? LIMIT ?[0m  [["uid", ""], ["LIMIT", 1]]
Completed 404 Not Found in 2ms (Views: 0.2ms | ActiveRecord: 0.3ms | Allocations: 951)


Started DELETE "/auth/sign_out" for ::1 at 2022-03-13 03:20:25 +0900
Processing by DeviseTokenAuth::SessionsController#destroy as */*
  [1m[36mUser Load (0.1ms)[0m  [1m[34mSELECT "users".* FROM "users" WHERE "users"."uid" = ? LIMIT ?[0m  [["uid", "miura@gmail.com"], ["LIMIT", 1]]
  [1m[36mTRANSACTION (0.1ms)[0m  [1m[36mbegin transaction[0m
  [1m[36mUser Update (1.9ms)[0m  [1m[33mUPDATE "users" SET "tokens" = ?, "updated_at" = ? WHERE "users"."id" = ?[0m  [["tokens", nil], ["updated_at", "2022-03-12 18:20:25.538086"], ["id", 1]]
  [1m[36mTRANSACTION (1.2ms)[0m  [1m[36mcommit transaction[0m
Completed 200 OK in 98ms (Views: 0.2ms | ActiveRecord: 3.2ms | Allocations: 3242)


  [1m[35m (2.8ms)[0m  [1m[34mSELECT sqlite_version(*)[0m
  [1m[35m (0.4ms)[0m  [1m[34mSELECT "schema_migrations"."version" FROM "schema_migrations" ORDER BY "schema_migrations"."version" ASC[0m
Migrating to CreateMessages (20220312184136)
  [1m[36mTRANSACTION (0.1ms)[0m  [1m[36mbegin transaction[0m
  [1m[35m (0.4ms)[0m  [1m[35mCREATE TABLE "messages" ("id" integer PRIMARY KEY AUTOINCREMENT NOT NULL, "user_id" integer, "content" varchar, "created_at" datetime(6) NOT NULL, "updated_at" datetime(6) NOT NULL)[0m
  [1m[35m (0.1ms)[0m  [1m[35mCREATE INDEX "index_messages_on_user_id" ON "messages" ("user_id")[0m
  [1m[36mActiveRecord::SchemaMigration Create (0.4ms)[0m  [1m[32mINSERT INTO "schema_migrations" ("version") VALUES (?)[0m  [["version", "20220312184136"]]
  [1m[36mTRANSACTION (2.6ms)[0m  [1m[36mcommit transaction[0m
  [1m[36mActiveRecord::InternalMetadata Load (0.5ms)[0m  [1m[34mSELECT "ar_internal_metadata".* FROM "ar_internal_metadata" WHERE "ar_internal_metadata"."key" = ? LIMIT ?[0m  [["key", "environment"], ["LIMIT", 1]]
  [1m[35m (0.0ms)[0m  [1m[34mSELECT sqlite_version(*)[0m
  [1m[35m (0.1ms)[0m  [1m[34mSELECT "schema_migrations"."version" FROM "schema_migrations" ORDER BY "schema_migrations"."version" ASC[0m
Started POST "/auth" for ::1 at 2022-03-13 03:45:46 +0900
  [1m[35m (1.3ms)[0m  [1m[34mSELECT sqlite_version(*)[0m
  [1m[35m (0.4ms)[0m  [1m[34mSELECT "schema_migrations"."version" FROM "schema_migrations" ORDER BY "schema_migrations"."version" ASC[0m
Processing by Auth::RegistrationsController#create as */*
Filter chain halted as :validate_sign_up_params rendered or redirected
Completed 422 Unprocessable Entity in 26ms (Views: 0.4ms | ActiveRecord: 0.0ms | Allocations: 6531)


Started POST "/auth" for ::1 at 2022-03-13 03:46:48 +0900
Processing by Auth::RegistrationsController#create as */*
  Parameters: {"name"=>"hogehogehgoejfg;ajefg;lajhweo;igfjha;lsejhg;oajsder;", "email"=>"test@gmail.com", "password"=>"[FILTERED]", "password_confirmation"=>"[FILTERED]"}
  [1m[36mTRANSACTION (0.1ms)[0m  [1m[36mbegin transaction[0m
  [1m[36mUser Exists? (1.0ms)[0m  [1m[34mSELECT 1 AS one FROM "users" WHERE LOWER("users"."email") = LOWER(?) AND "users"."provider" = ? LIMIT ?[0m  [["email", "test@gmail.com"], ["provider", "email"], ["LIMIT", 1]]
  [1m[36mTRANSACTION (0.1ms)[0m  [1m[31mrollback transaction[0m
Completed 422 Unprocessable Entity in 266ms (Views: 0.2ms | ActiveRecord: 1.7ms | Allocations: 11108)


Started POST "/auth" for ::1 at 2022-03-13 03:47:24 +0900
Processing by Auth::RegistrationsController#create as */*
  Parameters: {"name"=>"hoge", "email"=>"test@gmail.com", "password"=>"[FILTERED]", "password_confirmation"=>"[FILTERED]"}
  [1m[36mTRANSACTION (0.0ms)[0m  [1m[36mbegin transaction[0m
  [1m[36mUser Exists? (0.2ms)[0m  [1m[34mSELECT 1 AS one FROM "users" WHERE LOWER("users"."email") = LOWER(?) AND "users"."provider" = ? LIMIT ?[0m  [["email", "test@gmail.com"], ["provider", "email"], ["LIMIT", 1]]
  [1m[36mUser Create (3.2ms)[0m  [1m[32mINSERT INTO "users" ("uid", "encrypted_password", "name", "email", "created_at", "updated_at") VALUES (?, ?, ?, ?, ?, ?)[0m  [["uid", "test@gmail.com"], ["encrypted_password", "$2a$12$4EaKjxOY0NZs4HFih93r6uwelA7h4HqdQ7wP/RGIhm0iz0lIm.oFS"], ["name", "hoge"], ["email", "test@gmail.com"], ["created_at", "2022-03-12 18:47:24.811059"], ["updated_at", "2022-03-12 18:47:24.811059"]]
  [1m[36mTRANSACTION (1.7ms)[0m  [1m[36mcommit transaction[0m
  [1m[36mTRANSACTION (0.1ms)[0m  [1m[36mbegin transaction[0m
  [1m[36mUser Update (1.0ms)[0m  [1m[33mUPDATE "users" SET "tokens" = ?, "updated_at" = ? WHERE "users"."id" = ?[0m  [["tokens", "{\"VJA58MmZ6iNObr_y0acvxg\":{\"token\":\"$2a$10$CFVvsl1Q/W6mKuF7r72vxeE9Bs/vVFZ0yXDiFUutmS9P2vLE326Bq\",\"expiry\":1648320444}}"], ["updated_at", "2022-03-12 18:47:24.886191"], ["id", 2]]
  [1m[36mTRANSACTION (5.1ms)[0m  [1m[36mcommit transaction[0m
  [1m[36mUser Load (0.2ms)[0m  [1m[34mSELECT "users".* FROM "users" WHERE "users"."id" = ? LIMIT ?[0m  [["id", 2], ["LIMIT", 1]]
Completed 200 OK in 347ms (Views: 0.2ms | ActiveRecord: 11.4ms | Allocations: 7814)


Started POST "/messages" for ::1 at 2022-03-13 11:49:30 +0900
  [1m[35m (1.6ms)[0m  [1m[34mSELECT sqlite_version(*)[0m
  [1m[35m (1.2ms)[0m  [1m[34mSELECT "schema_migrations"."version" FROM "schema_migrations" ORDER BY "schema_migrations"."version" ASC[0m
  
ActionController::RoutingError (No route matches [POST] "/messages"):
  
Started GET "/messages" for ::1 at 2022-03-13 11:52:04 +0900
Processing by MessagesController#index as */*
  Parameters: {"name"=>"hoge", "email"=>"test@gmail.com", "password"=>"[FILTERED]", "password_confirmation"=>"[FILTERED]"}
  [1m[36mMessage Load (0.6ms)[0m  [1m[34mSELECT "messages".* FROM "messages"[0m
  â†³ app/controllers/messages_controller.rb:4:in `map'
Completed 200 OK in 26ms (Views: 0.2ms | ActiveRecord: 0.6ms | Allocations: 3558)


  [1m[35m (1.6ms)[0m  [1m[34mSELECT sqlite_version(*)[0m
  [1m[35m (0.5ms)[0m  [1m[34mSELECT "schema_migrations"."version" FROM "schema_migrations" ORDER BY "schema_migrations"."version" ASC[0m
  [1m[35m (0.0ms)[0m  [1m[34mSELECT sqlite_version(*)[0m
  [1m[36mUser Load (0.4ms)[0m  [1m[34mSELECT "users".* FROM "users" ORDER BY "users"."id" ASC LIMIT ?[0m  [["LIMIT", 1]]
  [1m[36mTRANSACTION (0.1ms)[0m  [1m[36mbegin transaction[0m
  [1m[36mUser Load (0.1ms)[0m  [1m[34mSELECT "users".* FROM "users" WHERE "users"."id" = ? LIMIT ?[0m  [["id", 1], ["LIMIT", 1]]
  [1m[36mMessage Create (1.8ms)[0m  [1m[32mINSERT INTO "messages" ("user_id", "content", "created_at", "updated_at") VALUES (?, ?, ?, ?)[0m  [["user_id", 1], ["content", "0ç•ªç›®ã®ãƒ¡ãƒƒã‚»ãƒ¼ã‚¸ã§ã™ï¼"], ["created_at", "2022-03-13 02:54:38.693224"], ["updated_at", "2022-03-13 02:54:38.693224"]]
  [1m[36mTRANSACTION (1.3ms)[0m  [1m[36mcommit transaction[0m
  [1m[36mUser Load (0.1ms)[0m  [1m[34mSELECT "users".* FROM "users" ORDER BY "users"."id" ASC LIMIT ?[0m  [["LIMIT", 1]]
  [1m[36mTRANSACTION (0.0ms)[0m  [1m[36mbegin transaction[0m
  [1m[36mUser Load (0.1ms)[0m  [1m[34mSELECT "users".* FROM "users" WHERE "users"."id" = ? LIMIT ?[0m  [["id", 1], ["LIMIT", 1]]
  [1m[36mMessage Create (0.4ms)[0m  [1m[32mINSERT INTO "messages" ("user_id", "content", "created_at", "updated_at") VALUES (?, ?, ?, ?)[0m  [["user_id", 1], ["content", "1ç•ªç›®ã®ãƒ¡ãƒƒã‚»ãƒ¼ã‚¸ã§ã™ï¼"], ["created_at", "2022-03-13 02:54:38.711835"], ["updated_at", "2022-03-13 02:54:38.711835"]]
  [1m[36mTRANSACTION (0.6ms)[0m  [1m[36mcommit transaction[0m
  [1m[36mUser Load (0.1ms)[0m  [1m[34mSELECT "users".* FROM "users" ORDER BY "users"."id" ASC LIMIT ?[0m  [["LIMIT", 1]]
  [1m[36mTRANSACTION (0.0ms)[0m  [1m[36mbegin transaction[0m
  [1m[36mUser Load (0.1ms)[0m  [1m[34mSELECT "users".* FROM "users" WHERE "users"."id" = ? LIMIT ?[0m  [["id", 1], ["LIMIT", 1]]
  [1m[36mMessage Create (0.3ms)[0m  [1m[32mINSERT INTO "messages" ("user_id", "content", "created_at", "updated_at") VALUES (?, ?, ?, ?)[0m  [["user_id", 1], ["content", "2ç•ªç›®ã®ãƒ¡ãƒƒã‚»ãƒ¼ã‚¸ã§ã™ï¼"], ["created_at", "2022-03-13 02:54:38.727073"], ["updated_at", "2022-03-13 02:54:38.727073"]]
  [1m[36mTRANSACTION (1.1ms)[0m  [1m[36mcommit transaction[0m
Started GET "/messages" for ::1 at 2022-03-13 11:54:50 +0900
Processing by MessagesController#index as */*
  Parameters: {"name"=>"hoge", "email"=>"test@gmail.com", "password"=>"[FILTERED]", "password_confirmation"=>"[FILTERED]"}
  [1m[36mMessage Load (0.2ms)[0m  [1m[34mSELECT "messages".* FROM "messages"[0m
  â†³ app/controllers/messages_controller.rb:4:in `map'
  [1m[36mUser Load (0.2ms)[0m  [1m[34mSELECT "users".* FROM "users" WHERE "users"."id" = ? LIMIT ?[0m  [["id", 1], ["LIMIT", 1]]
  â†³ app/controllers/messages_controller.rb:7:in `block in index'
  [1m[36mCACHE User Load (0.0ms)[0m  [1m[34mSELECT "users".* FROM "users" WHERE "users"."id" = ? LIMIT ?[0m  [["id", 1], ["LIMIT", 1]]
  â†³ app/controllers/messages_controller.rb:7:in `block in index'
  [1m[36mCACHE User Load (0.0ms)[0m  [1m[34mSELECT "users".* FROM "users" WHERE "users"."id" = ? LIMIT ?[0m  [["id", 1], ["LIMIT", 1]]
  â†³ app/controllers/messages_controller.rb:7:in `block in index'
Completed 200 OK in 56ms (Views: 2.0ms | ActiveRecord: 3.1ms | Allocations: 11489)


Started GET "/messages" for ::1 at 2022-03-13 12:04:07 +0900
Processing by MessagesController#index as */*
  Parameters: {"name"=>"hoge", "email"=>"test@gmail.com", "password"=>"[FILTERED]", "password_confirmation"=>"[FILTERED]"}
Filter chain halted as :authenticate_user! rendered or redirected
Completed 401 Unauthorized in 37ms (Views: 0.2ms | Allocations: 6414)


Started POST "/messages" for ::1 at 2022-03-13 12:04:32 +0900
  
ActionController::RoutingError (No route matches [POST] "/messages"):
  
Started POST "/messages" for ::1 at 2022-03-13 12:05:15 +0900
  
ActionController::RoutingError (No route matches [POST] "/messages"):
  
Started POST "/auth/sign_in" for ::1 at 2022-03-13 12:05:42 +0900
Processing by DeviseTokenAuth::SessionsController#create as */*
  Parameters: {"email"=>"miura@gmail.com", "password"=>"[FILTERED]"}
  [1m[35m (0.0ms)[0m  [1m[34mSELECT sqlite_version(*)[0m
  [1m[36mUser Load (0.6ms)[0m  [1m[34mSELECT "users".* FROM "users" WHERE "users"."email" = ? AND "users"."provider" = ? LIMIT ?[0m  [["email", "miura@gmail.com"], ["provider", "email"], ["LIMIT", 1]]
  [1m[36mTRANSACTION (0.1ms)[0m  [1m[36mbegin transaction[0m
  [1m[36mUser Update (0.5ms)[0m  [1m[33mUPDATE "users" SET "tokens" = ?, "updated_at" = ? WHERE "users"."id" = ?[0m  [["tokens", "{\"qYoQ3nPnW2ENfipO64-YEw\":{\"token\":\"$2a$10$SZRnZ3SZeLydDahScxLuEuaIfG9xI5pchV1W9P3tBn5v7C2LZUmG2\",\"expiry\":1648350342}}"], ["updated_at", "2022-03-13 03:05:42.882623"], ["id", 1]]
  [1m[36mTRANSACTION (4.6ms)[0m  [1m[36mcommit transaction[0m
  [1m[36mUser Load (0.2ms)[0m  [1m[34mSELECT "users".* FROM "users" WHERE "users"."id" = ? LIMIT ?[0m  [["id", 1], ["LIMIT", 1]]
Completed 200 OK in 294ms (Views: 0.2ms | ActiveRecord: 6.1ms | Allocations: 10231)


Started GET "/messages" for ::1 at 2022-03-13 12:07:12 +0900
Processing by MessagesController#index as */*
  Parameters: {"name"=>"hoge", "email"=>"test@gmail.com", "password"=>"[FILTERED]", "password_confirmation"=>"[FILTERED]"}
  [1m[36mUser Load (0.5ms)[0m  [1m[34mSELECT "users".* FROM "users" WHERE "users"."uid" = ? LIMIT ?[0m  [["uid", "miura@gmail.com"], ["LIMIT", 1]]
  [1m[36mMessage Load (0.6ms)[0m  [1m[34mSELECT "messages".* FROM "messages"[0m
  â†³ app/controllers/messages_controller.rb:6:in `map'
  [1m[36mUser Load (0.1ms)[0m  [1m[34mSELECT "users".* FROM "users" WHERE "users"."id" = ? LIMIT ?[0m  [["id", 1], ["LIMIT", 1]]
  â†³ app/controllers/messages_controller.rb:9:in `block in index'
  [1m[36mCACHE User Load (0.0ms)[0m  [1m[34mSELECT "users".* FROM "users" WHERE "users"."id" = ? LIMIT ?[0m  [["id", 1], ["LIMIT", 1]]
  â†³ app/controllers/messages_controller.rb:9:in `block in index'
  [1m[36mCACHE User Load (0.0ms)[0m  [1m[34mSELECT "users".* FROM "users" WHERE "users"."id" = ? LIMIT ?[0m  [["id", 1], ["LIMIT", 1]]
  â†³ app/controllers/messages_controller.rb:9:in `block in index'
  [1m[36mUser Load (0.2ms)[0m  [1m[34mSELECT "users".* FROM "users" WHERE "users"."id" = ? LIMIT ?[0m  [["id", 1], ["LIMIT", 1]]
Completed 200 OK in 90ms (Views: 0.4ms | ActiveRecord: 1.4ms | Allocations: 7553)


  [1m[35m (1.5ms)[0m  [1m[34mSELECT sqlite_version(*)[0m
  [1m[35m (0.6ms)[0m  [1m[34mSELECT "schema_migrations"."version" FROM "schema_migrations" ORDER BY "schema_migrations"."version" ASC[0m
Migrating to CreateLikes (20220313030841)
  [1m[36mTRANSACTION (0.2ms)[0m  [1m[36mbegin transaction[0m
  [1m[35m (0.5ms)[0m  [1m[35mCREATE TABLE "likes" ("id" integer PRIMARY KEY AUTOINCREMENT NOT NULL, "user_id" integer, "message_id" integer, "created_at" datetime(6) NOT NULL, "updated_at" datetime(6) NOT NULL)[0m
  [1m[35m (0.2ms)[0m  [1m[35mCREATE INDEX "index_likes_on_user_id" ON "likes" ("user_id")[0m
  [1m[35m (0.2ms)[0m  [1m[35mCREATE INDEX "index_likes_on_message_id" ON "likes" ("message_id")[0m
  [1m[36mActiveRecord::SchemaMigration Create (0.4ms)[0m  [1m[32mINSERT INTO "schema_migrations" ("version") VALUES (?)[0m  [["version", "20220313030841"]]
  [1m[36mTRANSACTION (1.3ms)[0m  [1m[36mcommit transaction[0m
  [1m[36mActiveRecord::InternalMetadata Load (0.9ms)[0m  [1m[34mSELECT "ar_internal_metadata".* FROM "ar_internal_metadata" WHERE "ar_internal_metadata"."key" = ? LIMIT ?[0m  [["key", "environment"], ["LIMIT", 1]]
  [1m[35m (0.1ms)[0m  [1m[34mSELECT sqlite_version(*)[0m
  [1m[35m (0.1ms)[0m  [1m[34mSELECT "schema_migrations"."version" FROM "schema_migrations" ORDER BY "schema_migrations"."version" ASC[0m
Started POST "/auth/sign_in" for ::1 at 2022-03-13 14:15:51 +0900
  [1m[35m (1.0ms)[0m  [1m[34mSELECT sqlite_version(*)[0m
  [1m[35m (0.7ms)[0m  [1m[34mSELECT "schema_migrations"."version" FROM "schema_migrations" ORDER BY "schema_migrations"."version" ASC[0m
Processing by DeviseTokenAuth::SessionsController#create as */*
  Parameters: {"email"=>"miura@gmail.com", "password"=>"[FILTERED]"}
  [1m[36mUser Load (1.0ms)[0m  [1m[34mSELECT "users".* FROM "users" WHERE "users"."email" = ? AND "users"."provider" = ? LIMIT ?[0m  [["email", "miura@gmail.com"], ["provider", "email"], ["LIMIT", 1]]
  [1m[36mTRANSACTION (0.1ms)[0m  [1m[36mbegin transaction[0m
  [1m[36mUser Update (0.4ms)[0m  [1m[33mUPDATE "users" SET "tokens" = ?, "updated_at" = ? WHERE "users"."id" = ?[0m  [["tokens", "{\"qYoQ3nPnW2ENfipO64-YEw\":{\"token\":\"$2a$10$SZRnZ3SZeLydDahScxLuEuaIfG9xI5pchV1W9P3tBn5v7C2LZUmG2\",\"expiry\":1648350342},\"ZrwtHLYpWe5hqF28pqZonA\":{\"token\":\"$2a$10$AI1f8e3ykqvqwILiEa2GP.molcGAhDkgPDjpF5QfotPgIvoFkWd4y\",\"expiry\":1648358152}}"], ["updated_at", "2022-03-13 05:15:52.223083"], ["id", 1]]
  [1m[36mTRANSACTION (2.6ms)[0m  [1m[36mcommit transaction[0m
  [1m[36mUser Load (0.3ms)[0m  [1m[34mSELECT "users".* FROM "users" WHERE "users"."id" = ? LIMIT ?[0m  [["id", 1], ["LIMIT", 1]]
Completed 200 OK in 314ms (Views: 0.3ms | ActiveRecord: 5.1ms | Allocations: 13117)


Started POST "/messages/1/likes" for ::1 at 2022-03-13 14:16:24 +0900
Processing by LikesController#create as */*
  Parameters: {"id"=>"1"}
Filter chain halted as :authenticate_user! rendered or redirected
Completed 401 Unauthorized in 42ms (Views: 0.2ms | ActiveRecord: 0.0ms | Allocations: 6459)


Started POST "/messages/1/likes" for ::1 at 2022-03-13 14:18:02 +0900
Processing by LikesController#create as */*
  Parameters: {"id"=>"1"}
  [1m[36mUser Load (0.6ms)[0m  [1m[34mSELECT "users".* FROM "users" WHERE "users"."uid" = ? LIMIT ?[0m  [["uid", "miura@gmail.com"], ["LIMIT", 1]]
  [1m[36mTRANSACTION (0.1ms)[0m  [1m[36mbegin transaction[0m
  â†³ app/controllers/likes_controller.rb:7:in `create'
  [1m[36mUser Load (0.3ms)[0m  [1m[34mSELECT "users".* FROM "users" WHERE "users"."id" = ? LIMIT ?[0m  [["id", 1], ["LIMIT", 1]]
  â†³ app/controllers/likes_controller.rb:7:in `create'
  [1m[36mMessage Load (0.5ms)[0m  [1m[34mSELECT "messages".* FROM "messages" WHERE "messages"."id" = ? LIMIT ?[0m  [["id", 1], ["LIMIT", 1]]
  â†³ app/controllers/likes_controller.rb:7:in `create'
  [1m[36mLike Create (1.7ms)[0m  [1m[32mINSERT INTO "likes" ("user_id", "message_id", "created_at", "updated_at") VALUES (?, ?, ?, ?)[0m  [["user_id", 1], ["message_id", 1], ["created_at", "2022-03-13 05:18:02.601075"], ["updated_at", "2022-03-13 05:18:02.601075"]]
  â†³ app/controllers/likes_controller.rb:7:in `create'
  [1m[36mTRANSACTION (1.3ms)[0m  [1m[36mcommit transaction[0m
  â†³ app/controllers/likes_controller.rb:7:in `create'
  [1m[36mUser Load (0.1ms)[0m  [1m[34mSELECT "users".* FROM "users" WHERE "users"."id" = ? LIMIT ?[0m  [["id", 1], ["LIMIT", 1]]
Completed 200 OK in 116ms (Views: 0.3ms | ActiveRecord: 5.6ms | Allocations: 13650)


Started POST "/messages/90/likes" for ::1 at 2022-03-13 14:18:16 +0900
Processing by LikesController#create as */*
  Parameters: {"id"=>"90"}
  [1m[36mUser Load (0.1ms)[0m  [1m[34mSELECT "users".* FROM "users" WHERE "users"."uid" = ? LIMIT ?[0m  [["uid", "miura@gmail.com"], ["LIMIT", 1]]
  [1m[36mTRANSACTION (0.0ms)[0m  [1m[36mbegin transaction[0m
  â†³ app/controllers/likes_controller.rb:7:in `create'
  [1m[36mUser Load (0.1ms)[0m  [1m[34mSELECT "users".* FROM "users" WHERE "users"."id" = ? LIMIT ?[0m  [["id", 1], ["LIMIT", 1]]
  â†³ app/controllers/likes_controller.rb:7:in `create'
  [1m[36mMessage Load (0.1ms)[0m  [1m[34mSELECT "messages".* FROM "messages" WHERE "messages"."id" = ? LIMIT ?[0m  [["id", 90], ["LIMIT", 1]]
  â†³ app/controllers/likes_controller.rb:7:in `create'
  [1m[36mTRANSACTION (0.1ms)[0m  [1m[31mrollback transaction[0m
  â†³ app/controllers/likes_controller.rb:7:in `create'
  [1m[36mUser Load (0.1ms)[0m  [1m[34mSELECT "users".* FROM "users" WHERE "users"."id" = ? LIMIT ?[0m  [["id", 1], ["LIMIT", 1]]
Completed 400 Bad Request in 8ms (Views: 0.1ms | ActiveRecord: 0.5ms | Allocations: 4785)


Started POST "/messages/2/likes" for ::1 at 2022-03-13 14:18:54 +0900
Processing by LikesController#create as */*
  Parameters: {"id"=>"2"}
  [1m[36mUser Load (0.1ms)[0m  [1m[34mSELECT "users".* FROM "users" WHERE "users"."uid" = ? LIMIT ?[0m  [["uid", "miura@gmail.com"], ["LIMIT", 1]]
  [1m[36mTRANSACTION (0.1ms)[0m  [1m[36mbegin transaction[0m
  â†³ app/controllers/likes_controller.rb:7:in `create'
  [1m[36mUser Load (0.2ms)[0m  [1m[34mSELECT "users".* FROM "users" WHERE "users"."id" = ? LIMIT ?[0m  [["id", 1], ["LIMIT", 1]]
  â†³ app/controllers/likes_controller.rb:7:in `create'
  [1m[36mMessage Load (0.1ms)[0m  [1m[34mSELECT "messages".* FROM "messages" WHERE "messages"."id" = ? LIMIT ?[0m  [["id", 2], ["LIMIT", 1]]
  â†³ app/controllers/likes_controller.rb:7:in `create'
  [1m[36mLike Create (1.3ms)[0m  [1m[32mINSERT INTO "likes" ("user_id", "message_id", "created_at", "updated_at") VALUES (?, ?, ?, ?)[0m  [["user_id", 1], ["message_id", 2], ["created_at", "2022-03-13 05:18:54.406598"], ["updated_at", "2022-03-13 05:18:54.406598"]]
  â†³ app/controllers/likes_controller.rb:7:in `create'
  [1m[36mTRANSACTION (0.6ms)[0m  [1m[36mcommit transaction[0m
  â†³ app/controllers/likes_controller.rb:7:in `create'
  [1m[36mUser Load (0.1ms)[0m  [1m[34mSELECT "users".* FROM "users" WHERE "users"."id" = ? LIMIT ?[0m  [["id", 1], ["LIMIT", 1]]
Completed 200 OK in 12ms (Views: 0.1ms | ActiveRecord: 2.5ms | Allocations: 4799)


Started GET "/likes/1" for ::1 at 2022-03-13 14:22:15 +0900
  
ActionController::RoutingError (No route matches [GET] "/likes/1"):
  
Started DELETE "/likes/1" for ::1 at 2022-03-13 14:24:02 +0900
Processing by LikesController#destroy as */*
  Parameters: {"id"=>"1"}
  [1m[35m (0.1ms)[0m  [1m[34mSELECT sqlite_version(*)[0m
  â†³ app/controllers/likes_controller.rb:15:in `destroy'
  [1m[36mLike Load (0.4ms)[0m  [1m[34mSELECT "likes".* FROM "likes" WHERE "likes"."id" = ? LIMIT ?[0m  [["id", 1], ["LIMIT", 1]]
  â†³ app/controllers/likes_controller.rb:15:in `destroy'
  [1m[36mTRANSACTION (0.1ms)[0m  [1m[36mbegin transaction[0m
  â†³ app/controllers/likes_controller.rb:17:in `destroy'
  [1m[36mLike Destroy (1.1ms)[0m  [1m[31mDELETE FROM "likes" WHERE "likes"."id" = ?[0m  [["id", 1]]
  â†³ app/controllers/likes_controller.rb:17:in `destroy'
  [1m[36mTRANSACTION (2.4ms)[0m  [1m[36mcommit transaction[0m
  â†³ app/controllers/likes_controller.rb:17:in `destroy'
  [1m[36mUser Load (0.6ms)[0m  [1m[34mSELECT "users".* FROM "users" WHERE "users"."id" = ? LIMIT ?[0m  [["id", 1], ["LIMIT", 1]]
  â†³ app/controllers/likes_controller.rb:18:in `destroy'
Completed 200 OK in 31ms (Views: 0.2ms | ActiveRecord: 5.8ms | Allocations: 9868)


Started POST "/auth/sign_in" for ::1 at 2022-03-13 14:37:07 +0900
Processing by DeviseTokenAuth::SessionsController#create as */*
  Parameters: {"email"=>"miura@gmail.com", "password"=>"[FILTERED]"}
  [1m[35m (0.3ms)[0m  [1m[34mSELECT sqlite_version(*)[0m
  [1m[36mUser Load (0.8ms)[0m  [1m[34mSELECT "users".* FROM "users" WHERE "users"."email" = ? AND "users"."provider" = ? LIMIT ?[0m  [["email", "miura@gmail.com"], ["provider", "email"], ["LIMIT", 1]]
  [1m[36mTRANSACTION (0.1ms)[0m  [1m[36mbegin transaction[0m
  [1m[36mUser Update (1.8ms)[0m  [1m[33mUPDATE "users" SET "tokens" = ?, "updated_at" = ? WHERE "users"."id" = ?[0m  [["tokens", "{\"qYoQ3nPnW2ENfipO64-YEw\":{\"token\":\"$2a$10$SZRnZ3SZeLydDahScxLuEuaIfG9xI5pchV1W9P3tBn5v7C2LZUmG2\",\"expiry\":1648350342},\"ZrwtHLYpWe5hqF28pqZonA\":{\"token\":\"$2a$10$AI1f8e3ykqvqwILiEa2GP.molcGAhDkgPDjpF5QfotPgIvoFkWd4y\",\"expiry\":1648358152},\"RFKvpMdRBUuyWMIusoM-_A\":{\"token\":\"$2a$10$EtcFySRfWF4tEH/v/sw3ROF.get.Dd1tackNkKVcthfU31sEmpRqq\",\"expiry\":1648359428}}"], ["updated_at", "2022-03-13 05:37:08.293763"], ["id", 1]]
  [1m[36mTRANSACTION (0.7ms)[0m  [1m[36mcommit transaction[0m
  [1m[36mUser Load (0.2ms)[0m  [1m[34mSELECT "users".* FROM "users" WHERE "users"."id" = ? LIMIT ?[0m  [["id", 1], ["LIMIT", 1]]
Completed 200 OK in 331ms (Views: 0.3ms | ActiveRecord: 4.7ms | Allocations: 9757)


Started GET "/messages" for ::1 at 2022-03-13 14:39:10 +0900
Processing by MessagesController#index as */*
Filter chain halted as :authenticate_user! rendered or redirected
Completed 401 Unauthorized in 1ms (Views: 0.2ms | ActiveRecord: 0.0ms | Allocations: 195)


Started GET "/messages" for ::1 at 2022-03-13 14:40:07 +0900
Processing by MessagesController#index as */*
  [1m[36mUser Load (0.5ms)[0m  [1m[34mSELECT "users".* FROM "users" WHERE "users"."uid" = ? LIMIT ?[0m  [["uid", "miura@gmail.com"], ["LIMIT", 1]]
  [1m[36mMessage Load (0.6ms)[0m  [1m[34mSELECT "messages".* FROM "messages"[0m
  â†³ app/controllers/messages_controller.rb:6:in `map'
  [1m[36mUser Load (0.1ms)[0m  [1m[34mSELECT "users".* FROM "users" WHERE "users"."id" = ? LIMIT ?[0m  [["id", 1], ["LIMIT", 1]]
  â†³ app/controllers/messages_controller.rb:9:in `block in index'
  [1m[36mLike Load (0.5ms)[0m  [1m[34mSELECT "likes".* FROM "likes" WHERE "likes"."message_id" = ?[0m  [["message_id", 1]]
  â†³ app/controllers/messages_controller.rb:14:in `map'
  [1m[36mCACHE User Load (0.0ms)[0m  [1m[34mSELECT "users".* FROM "users" WHERE "users"."id" = ? LIMIT ?[0m  [["id", 1], ["LIMIT", 1]]
  â†³ app/controllers/messages_controller.rb:9:in `block in index'
  [1m[36mLike Load (0.4ms)[0m  [1m[34mSELECT "likes".* FROM "likes" WHERE "likes"."message_id" = ?[0m  [["message_id", 2]]
  â†³ app/controllers/messages_controller.rb:14:in `map'
  [1m[36mCACHE User Load (0.0ms)[0m  [1m[34mSELECT "users".* FROM "users" WHERE "users"."id" = ? LIMIT ?[0m  [["id", 1], ["LIMIT", 1]]
  â†³ app/controllers/messages_controller.rb:14:in `block (2 levels) in index'
  [1m[36mCACHE User Load (0.0ms)[0m  [1m[34mSELECT "users".* FROM "users" WHERE "users"."id" = ? LIMIT ?[0m  [["id", 1], ["LIMIT", 1]]
  â†³ app/controllers/messages_controller.rb:9:in `block in index'
  [1m[36mLike Load (0.1ms)[0m  [1m[34mSELECT "likes".* FROM "likes" WHERE "likes"."message_id" = ?[0m  [["message_id", 3]]
  â†³ app/controllers/messages_controller.rb:14:in `map'
  [1m[36mUser Load (0.1ms)[0m  [1m[34mSELECT "users".* FROM "users" WHERE "users"."id" = ? LIMIT ?[0m  [["id", 1], ["LIMIT", 1]]
Completed 200 OK in 135ms (Views: 0.5ms | ActiveRecord: 3.2ms | Allocations: 15096)


